Using pre-set license

 COMMAND LINE ARGUMENTS:
/Applications/Unity/Hub/Editor/2020.3.12f1/Unity.app/Contents/MacOS/Unity
-adb2
-batchMode
-noUpm
-name
AssetImportWorker0
-projectPath
/Users/chris.abrams/Dropbox/Harvard/DGMD 17/final-project/Sky Race Path Finding
-logFile
Logs/AssetImportWorker0.log
-srvPort
52360
Successfully changed project path to: /Users/chris.abrams/Dropbox/Harvard/DGMD 17/final-project/Sky Race Path Finding
/Users/chris.abrams/Dropbox/Harvard/DGMD 17/final-project/Sky Race Path Finding
Using Asset Import Pipeline V2.
Refreshing native plugins compatible for Editor in 38.89 ms, found 2 plugins.
Preloading 0 native plugins for Editor in 0.00 ms.
Initialize engine version: 2020.3.12f1 (b3b2c6512326)
[Subsystems] Discovering subsystems at path /Applications/Unity/Hub/Editor/2020.3.12f1/Unity.app/Contents/Resources/UnitySubsystems
[Subsystems] Discovering subsystems at path /Users/chris.abrams/Dropbox/Harvard/DGMD 17/final-project/Sky Race Path Finding/Assets
GfxDevice: creating device client; threaded=0
2021-06-29 21:59:24.706 Unity[52284:9858013] LG HDR 4K preferred device: AMD Radeon Pro 5500M (high power)
2021-06-29 21:59:24.706 Unity[52284:9858013] Metal devices available: 2
2021-06-29 21:59:24.706 Unity[52284:9858013] 0: AMD Radeon Pro 5500M (high power)
2021-06-29 21:59:24.706 Unity[52284:9858013] 1: Intel(R) UHD Graphics 630 (low power)
2021-06-29 21:59:24.708 Unity[52284:9858013] Using device AMD Radeon Pro 5500M (high power)
Initializing Metal device caps: AMD Radeon Pro 5500M
Initialize mono
Mono path[0] = '/Applications/Unity/Hub/Editor/2020.3.12f1/Unity.app/Contents/Managed'
Mono path[1] = '/Applications/Unity/Hub/Editor/2020.3.12f1/Unity.app/Contents/MonoBleedingEdge/lib/mono/unityjit'
Mono config path = '/Applications/Unity/Hub/Editor/2020.3.12f1/Unity.app/Contents/MonoBleedingEdge/etc'
Using monoOptions --debugger-agent=transport=dt_socket,embedding=1,server=y,suspend=n,address=127.0.0.1:56284
Begin MonoManager ReloadAssembly
Registering precompiled unity dll's ...
Register platform support module: /Applications/Unity/Hub/Editor/2020.3.12f1/PlaybackEngines/WebGLSupport/UnityEditor.WebGL.Extensions.dll
Register platform support module: /Applications/Unity/Hub/Editor/2020.3.12f1/Unity.app/Contents/PlaybackEngines/MacStandaloneSupport/UnityEditor.OSXStandalone.Extensions.dll
Register platform support module: /Applications/Unity/Hub/Editor/2020.3.12f1/PlaybackEngines/WindowsStandaloneSupport/UnityEditor.WindowsStandalone.Extensions.dll
Registered in 0.000988 seconds.
Native extension for WindowsStandalone target not found
Native extension for OSXStandalone target not found
Native extension for WebGL target not found
Refreshing native plugins compatible for Editor in 32.92 ms, found 2 plugins.
Preloading 0 native plugins for Editor in 0.00 ms.
Mono: successfully reloaded assembly
- Completed reload, in  2.115 seconds
Platform modules already initialized, skipping
Registering precompiled user dll's ...
Registered in 0.002819 seconds.
Begin MonoManager ReloadAssembly
Native extension for WindowsStandalone target not found
Native extension for OSXStandalone target not found
Native extension for WebGL target not found
Refreshing native plugins compatible for Editor in 0.47 ms, found 2 plugins.
Preloading 0 native plugins for Editor in 0.00 ms.
Mono: successfully reloaded assembly
- Completed reload, in  1.215 seconds
Platform modules already initialized, skipping
========================================================================
Worker process is ready to serve import requests
Launching external process: /Applications/Unity/Hub/Editor/2020.3.12f1/Unity.app/Contents/Tools/UnityShaderCompiler
Launched and connected shader compiler UnityShaderCompiler after 0.04 seconds
Refreshing native plugins compatible for Editor in 0.50 ms, found 2 plugins.
Preloading 0 native plugins for Editor in 0.00 ms.
Unloading 1703 Unused Serialized files (Serialized files now loaded: 0)
System memory in use before: 147.0 MB.
System memory in use after: 147.0 MB.

Unloading 43 unused Assets to reduce memory usage. Loaded Objects now: 2123.
Total: 2.389381 ms (FindLiveObjects: 0.190654 ms CreateObjectMapping: 0.057399 ms MarkObjects: 2.049117 ms  DeleteObjects: 0.090967 ms)

AssetImportParameters requested are different than current active one (requested -> active):
  custom:video-decoder-ogg-theora: a1e56fd34408186e4bbccfd4996cb3dc -> 
  custom:container-muxer-webm: aa71ff27fc2769a1b78a27578f13a17b -> 
  custom:container-demuxer-webm: 4f35f7cbe854078d1ac9338744f61a02 -> 
  custom:container-demuxer-ogg: 62fdf1f143b41e24485cea50d1cbac27 -> 
  custom:video-encoder-webm-vp8: eb34c28f22e8b96e1ab97ce403110664 -> 
  custom:framework-osx-AVFoundation: b23960f63f64bdc6ff669e2cdcee2391 -> 
  custom:video-decoder-webm-vp8: 9c59270c3fd7afecdb556c50c9e8de78 -> 
  custom:audio-decoder-ogg-vorbis: bf7c407c2cedff20999df2af8eb42d56 -> 
  custom:audio-encoder-webm-vorbis: bf7c407c2cedff20999df2af8eb42d56 -> 
========================================================================
Received Import Request.
  path: Assets/Drones
  artifactKey: Guid(7977fd9296d834f3ba3c5ac8c51ce4a4) Importer(815301076,1909f56bfc062723c751e8b465ee728b)
Start importing Assets/Drones using Guid(7977fd9296d834f3ba3c5ac8c51ce4a4) Importer(815301076,1909f56bfc062723c751e8b465ee728b)  -> (artifact id: 'ad1676fae5a7071d7063fbcd933a7dca') in 0.003915 seconds 
  Import took 0.006281 seconds .

========================================================================
Received Import Request.
  Time since last request: 0.000188 seconds.
  path: Assets/Drones/DroneController
  artifactKey: Guid(3d2f9b291afbbae47b678fe0995be095) Importer(815301076,1909f56bfc062723c751e8b465ee728b)
Start importing Assets/Drones/DroneController using Guid(3d2f9b291afbbae47b678fe0995be095) Importer(815301076,1909f56bfc062723c751e8b465ee728b)  -> (artifact id: '735dc20d55a6d29eb2c33c45af8e6f67') in 0.000737 seconds 
  Import took 0.003009 seconds .

========================================================================
Received Import Request.
  Time since last request: 1.231302 seconds.
  path: Assets/Drones/DroneController/Scenes
  artifactKey: Guid(070a1d90129ed5845b8097b68ecfcc99) Importer(815301076,1909f56bfc062723c751e8b465ee728b)
Start importing Assets/Drones/DroneController/Scenes using Guid(070a1d90129ed5845b8097b68ecfcc99) Importer(815301076,1909f56bfc062723c751e8b465ee728b)  -> (artifact id: '04a3105072e97a31949144bcbc59ebe9') in 0.000801 seconds 
  Import took 0.003012 seconds .

========================================================================
Received Import Request.
  Time since last request: 4.034623 seconds.
  path: Assets/Drones/DroneController/Scenes/01_Demo.unity
  artifactKey: Guid(b334313d669055e4084ec9d00c68fcc2) Importer(815301076,1909f56bfc062723c751e8b465ee728b)
Start importing Assets/Drones/DroneController/Scenes/01_Demo.unity using Guid(b334313d669055e4084ec9d00c68fcc2) Importer(815301076,1909f56bfc062723c751e8b465ee728b)  -> (artifact id: '56a9616781df24da9f1f27d1e654f397') in 0.009449 seconds 
  Import took 0.014163 seconds .

========================================================================
Received Import Request.
  Time since last request: 0.003794 seconds.
  path: Assets/Drones/DroneController/Scenes/01_Demo.unity
  artifactKey: Guid(b334313d669055e4084ec9d00c68fcc2) Importer(815301076,1909f56bfc062723c751e8b465ee728b)
Start importing Assets/Drones/DroneController/Scenes/01_Demo.unity using Guid(b334313d669055e4084ec9d00c68fcc2) Importer(815301076,1909f56bfc062723c751e8b465ee728b)  -> (artifact id: '56a9616781df24da9f1f27d1e654f397') in 0.001431 seconds 
  Import took 0.004720 seconds .

========================================================================
Received Prepare
Registering precompiled user dll's ...
Registered in 0.003060 seconds.
Begin MonoManager ReloadAssembly
Native extension for WindowsStandalone target not found
Native extension for OSXStandalone target not found
Native extension for WebGL target not found
Refreshing native plugins compatible for Editor in 0.43 ms, found 2 plugins.
Preloading 0 native plugins for Editor in 0.00 ms.
Mono: successfully reloaded assembly
- Completed reload, in  1.127 seconds
Platform modules already initialized, skipping
Refreshing native plugins compatible for Editor in 0.47 ms, found 2 plugins.
Preloading 0 native plugins for Editor in 0.00 ms.
Unloading 1697 Unused Serialized files (Serialized files now loaded: 0)
System memory in use before: 146.9 MB.
System memory in use after: 147.0 MB.

Unloading 34 unused Assets to reduce memory usage. Loaded Objects now: 2126.
Total: 1.961805 ms (FindLiveObjects: 0.168447 ms CreateObjectMapping: 0.058388 ms MarkObjects: 1.677782 ms  DeleteObjects: 0.056344 ms)

AssetImportParameters requested are different than current active one (requested -> active):
  custom:video-decoder-ogg-theora: a1e56fd34408186e4bbccfd4996cb3dc -> 
  custom:container-muxer-webm: aa71ff27fc2769a1b78a27578f13a17b -> 
  custom:container-demuxer-webm: 4f35f7cbe854078d1ac9338744f61a02 -> 
  custom:container-demuxer-ogg: 62fdf1f143b41e24485cea50d1cbac27 -> 
  custom:video-encoder-webm-vp8: eb34c28f22e8b96e1ab97ce403110664 -> 
  custom:framework-osx-AVFoundation: b23960f63f64bdc6ff669e2cdcee2391 -> 
  custom:video-decoder-webm-vp8: 9c59270c3fd7afecdb556c50c9e8de78 -> 
  custom:audio-decoder-ogg-vorbis: bf7c407c2cedff20999df2af8eb42d56 -> 
  custom:audio-encoder-webm-vorbis: bf7c407c2cedff20999df2af8eb42d56 -> 
AssetImportWorkerClient::OnTransportError - code=2 error=End of file
